


materialPath: E:\steam\steamapps\common\Entropy Zero\Entropy Zero\hl2\materials
Loading E:\steam\steamapps\sourcemods\myfirstmod\maps\lol.vmf
Could not locate 'GameData' key in e:\steam\steamapps\common\entropy zero\entropy zero\hl2\gameinfo.txt
fixing up env_cubemap materials on brush sides...
0...1...2...3...4...5...6...7...8...9...100...1...2...3...4...5...6...7...8...9...10Processing areas...done (0)
Building Faces...done (0)
FixTjuncs...
PruneNodes...
WriteBSP...
done (0)
writing E:\steam\steamapps\sourcemods\myfirstmod\maps\lol.prt...Building visibility clusters...
done (0)
Creating default LDR cubemaps for env_cubemap using skybox materials:
   skybox/sky_day01_01*.vmt
 ! Run buildcubemaps in the engine to get the correct cube maps.
Creating default HDR cubemaps for env_cubemap using skybox materials:
   skybox/sky_day01_01*.vmt
 ! Run buildcubemaps in the engine to get the correct cube maps.
Finding displacement neighbors...
Finding lightmap sample positions...
Displacement Alpha : 0...1...2...3...4...5...6...7...8...9...10
Building Physics collision data...
done (0) (3940 bytes)
Placing detail props : 0...1...2...3...4...5...6...7...8...9...10
Compacting texture/material tables...
Reduced 9 texinfos to 5
Reduced 3 texdatas to 3 (59 bytes to 59)
Writing E:\steam\steamapps\sourcemods\myfirstmod\maps\lol.bsp
0 seconds elapsed



2 threads
reading e:\steam\steamapps\sourcemods\myfirstmod\maps\lol.bsp
reading e:\steam\steamapps\sourcemods\myfirstmod\maps\lol.prt
   8 portalclusters
  12 numportals
0...1...2...3...4...5...6...7...8...9...100...1...2...3...4...5...6...7...8...9...10Optimized: 0 visible clusters (0.00%)
Total clusters visible: 56
Average clusters visible: 7
Building PAS...
Average clusters audible: 8
visdatasize:84  compressed from 128
writing e:\steam\steamapps\sourcemods\myfirstmod\maps\lol.bsp
0 seconds elapsed



Could not find lights.rad in lights.rad.
Trying VRAD BIN directory instead...
Warning: Couldn't open texlight file E:\steam\steamapps\common\Entropy Zero\Entropy Zero\bin\lights.rad.
Loading e:\steam\steamapps\sourcemods\myfirstmod\maps\lol.bsp
33 faces
10865 square feet [1564672.00 square inches]
0 Displacements
0 Square Feet [0.00 Square Inches]
33 patches before subdivision
1287 patches after subdivision
2 direct lights
0...1...2...3...4...5...6...7...8...9...100...1...2...3...4...5...6...7...8...9...10transfers 87007, max 186
transfer lists:   0.7 megs
0...1...2...3...4...5...6...7...8...9...10	Bounce #1 added RGB(393, 258, 183)
0...1...2...3...4...5...6...7...8...9...10	Bounce #2 added RGB(42, 18, 9)
0...1...2...3...4...5...6...7...8...9...10	Bounce #3 added RGB(5, 1, 1)
0...1...2...3...4...5...6...7...8...9...10	Bounce #4 added RGB(1, 0, 0)
Build Patch/Sample Hash Table(s).....Done<0.0004 sec>
0...1...2...3...4...5...6...7...8...9...10FinalLightFace Done
0 of 0 (0% of) surface lights went in leaf ambient cubes.
0...1...2...3...4...5...6...7...8...9...10Writing leaf ambient...done
Ready to Finish

Object names       Objects/Maxobjs  Memory / Maxmem  Fullness 
------------       ---------------  ---------------  -------- 
models                   1/1024           48/49152    ( 0.1%) 
brushes                 11/8192          132/98304    ( 0.1%) 
brushsides              66/65536         528/524288   ( 0.1%) 
planes                  46/65536         920/1310720  ( 0.1%) 
vertexes                39/65536         468/786432   ( 0.1%) 
nodes                   33/65536        1056/2097152  ( 0.1%) 
texinfos                 5/12288         360/884736   ( 0.0%) 
texdata                  3/2048           96/65536    ( 0.1%) 
dispinfos                0/0               0/0        ( 0.0%) 
disp_verts               0/0               0/0        ( 0.0%) 
disp_tris                0/0               0/0        ( 0.0%) 
disp_lmsamples           0/0               0/0        ( 0.0%) 
faces                   33/65536        1848/3670016  ( 0.1%) 
hdr faces                0/65536           0/3670016  ( 0.0%) 
origfaces               14/65536         784/3670016  ( 0.0%) 
leaves                  35/65536        1120/2097152  ( 0.1%) 
leaffaces               40/65536          80/131072   ( 0.1%) 
leafbrushes             26/65536          52/131072   ( 0.0%) 
areas                    2/256            16/2048     ( 0.8%) 
surfedges              198/512000        792/2048000  ( 0.0%) 
edges                  104/256000        416/1024000  ( 0.0%) 
LDR worldlights          2/8192          176/720896   ( 0.0%) 
HDR worldlights          0/8192            0/720896   ( 0.0%) 
leafwaterdata            0/32768           0/393216   ( 0.0%) 
waterstrips              1/32768          10/327680   ( 0.0%) 
waterverts               0/65536           0/786432   ( 0.0%) 
waterindices            12/65536          24/131072   ( 0.0%) 
cubemapsamples           0/1024            0/16384    ( 0.0%) 
overlays                 0/512             0/180224   ( 0.0%) 
LDR lightdata         [variable]       16632/0        ( 0.0%) 
HDR lightdata         [variable]           0/0        ( 0.0%) 
visdata               [variable]          84/16777216 ( 0.0%) 
entdata               [variable]         511/393216   ( 0.1%) 
LDR ambient table       35/65536         140/262144   ( 0.1%) 
HDR ambient table       35/65536         140/262144   ( 0.1%) 
LDR leaf ambient       124/65536        3472/1835008  ( 0.2%) 
HDR leaf ambient        35/65536         980/1835008  ( 0.1%) 
occluders                0/0               0/0        ( 0.0%) 
occluder polygons        0/0               0/0        ( 0.0%) 
occluder vert ind        0/0               0/0        ( 0.0%) 
detail props          [variable]           1/12       ( 8.3%) 
static props          [variable]           1/12       ( 8.3%) 
pakfile               [variable]      105643/0        ( 0.0%) 
physics               [variable]        3940/4194304  ( 0.1%) 
physics terrain       [variable]           2/1048576  ( 0.0%) 

Level flags = 0

Total triangle count: 76
Writing e:\steam\steamapps\sourcemods\myfirstmod\maps\lol.bsp
0 seconds elapsed
